\BOOKMARK [1][-]{section.1}{\376\377\000T\000e\000c\000h\000n\000i\000c\000a\000l\000\040\000P\000r\000o\000b\000l\000e\000m\000\040\000S\000t\000a\000t\000e\000m\000e\000n\000t}{}% 1
\BOOKMARK [2][-]{subsection.1.1}{\376\377\000I\000n\000d\000u\000s\000t\000r\000i\000a\000l\000\040\000T\000r\000a\000c\000e\000a\000b\000i\000l\000i\000t\000y\000\040\000C\000o\000m\000p\000l\000e\000x\000i\000t\000y}{section.1}% 2
\BOOKMARK [2][-]{subsection.1.2}{\376\377\000T\000e\000c\000h\000n\000i\000c\000a\000l\000\040\000R\000e\000q\000u\000i\000r\000e\000m\000e\000n\000t\000s}{section.1}% 3
\BOOKMARK [1][-]{section.2}{\376\377\000S\000y\000s\000t\000e\000m\000\040\000A\000r\000c\000h\000i\000t\000e\000c\000t\000u\000r\000e}{}% 4
\BOOKMARK [2][-]{subsection.2.1}{\376\377\000S\000y\000s\000t\000e\000m\000\040\000O\000v\000e\000r\000v\000i\000e\000w}{section.2}% 5
\BOOKMARK [2][-]{subsection.2.2}{\376\377\000T\000h\000r\000e\000e\000-\000L\000a\000y\000e\000r\000\040\000T\000e\000c\000h\000n\000i\000c\000a\000l\000\040\000A\000r\000c\000h\000i\000t\000e\000c\000t\000u\000r\000e}{section.2}% 6
\BOOKMARK [2][-]{subsection.2.3}{\376\377\000T\000e\000c\000h\000n\000i\000c\000a\000l\000\040\000I\000n\000n\000o\000v\000a\000t\000i\000o\000n\000:\000\040\000M\000a\000n\000u\000f\000a\000c\000t\000u\000r\000e\000r\000-\000A\000g\000n\000o\000s\000t\000i\000c\000\040\000D\000e\000s\000i\000g\000n}{section.2}% 7
\BOOKMARK [1][-]{section.3}{\376\377\000C\000o\000r\000e\000\040\000S\000m\000a\000r\000t\000\040\000C\000o\000n\000t\000r\000a\000c\000t\000\040\000A\000r\000c\000h\000i\000t\000e\000c\000t\000u\000r\000e}{}% 8
\BOOKMARK [2][-]{subsection.3.1}{\376\377\000P\000a\000s\000s\000p\000o\000r\000t\000R\000e\000g\000i\000s\000t\000r\000y\000\040\000C\000o\000n\000t\000r\000a\000c\000t}{section.3}% 9
\BOOKMARK [2][-]{subsection.3.2}{\376\377\000D\000i\000g\000i\000t\000a\000l\000P\000a\000s\000s\000p\000o\000r\000t\000F\000a\000c\000t\000o\000r\000y\000\040\000C\000o\000n\000t\000r\000a\000c\000t}{section.3}% 10
\BOOKMARK [2][-]{subsection.3.3}{\376\377\000D\000i\000g\000i\000t\000a\000l\000P\000a\000s\000s\000p\000o\000r\000t\000\040\000C\000o\000n\000t\000r\000a\000c\000t}{section.3}% 11
\BOOKMARK [1][-]{section.4}{\376\377\000C\000r\000o\000s\000s\000-\000M\000a\000n\000u\000f\000a\000c\000t\000u\000r\000e\000r\000\040\000P\000e\000r\000m\000i\000s\000s\000i\000o\000n\000\040\000R\000e\000s\000o\000l\000u\000t\000i\000o\000n}{}% 12
\BOOKMARK [2][-]{subsection.4.1}{\376\377\000S\000c\000h\000e\000m\000a\000R\000e\000s\000o\000l\000v\000e\000r\000\040\000C\000o\000n\000t\000r\000a\000c\000t}{section.4}% 13
\BOOKMARK [2][-]{subsection.4.2}{\376\377\000E\000n\000h\000a\000n\000c\000e\000d\000\040\000D\000i\000g\000i\000t\000a\000l\000P\000a\000s\000s\000p\000o\000r\000t\000\040\000w\000i\000t\000h\000\040\000P\000e\000r\000m\000i\000s\000s\000i\000o\000n\000\040\000R\000e\000s\000o\000l\000u\000t\000i\000o\000n}{section.4}% 14
\BOOKMARK [2][-]{subsection.4.3}{\376\377\000I\000n\000t\000e\000g\000r\000a\000t\000i\000o\000n\000\040\000A\000r\000c\000h\000i\000t\000e\000c\000t\000u\000r\000e\000\040\000F\000l\000o\000w}{section.4}% 15
\BOOKMARK [1][-]{section.5}{\376\377\000M\000a\000n\000u\000f\000a\000c\000t\000u\000r\000e\000r\000M\000a\000n\000a\000g\000e\000r\000\040\000A\000b\000s\000t\000r\000a\000c\000t\000\040\000C\000o\000n\000t\000r\000a\000c\000t}{}% 16
\BOOKMARK [2][-]{subsection.5.1}{\376\377\000C\000o\000r\000e\000\040\000A\000r\000c\000h\000i\000t\000e\000c\000t\000u\000r\000e\000\040\000P\000a\000t\000t\000e\000r\000n}{section.5}% 17
\BOOKMARK [2][-]{subsection.5.2}{\376\377\000W\000E\000G\000M\000a\000n\000a\000g\000e\000r\000\040\000I\000m\000p\000l\000e\000m\000e\000n\000t\000a\000t\000i\000o\000n\000\040\000E\000x\000a\000m\000p\000l\000e}{section.5}% 18
\BOOKMARK [1][-]{section.6}{\376\377\000E\000A\000S\000\040\000S\000c\000h\000e\000m\000a\000\040\000A\000r\000c\000h\000i\000t\000e\000c\000t\000u\000r\000e\000\040\000\046\000\040\000D\000a\000t\000a\000\040\000S\000t\000r\000u\000c\000t\000u\000r\000e\000s}{}% 19
\BOOKMARK [2][-]{subsection.6.1}{\376\377\000S\000c\000h\000e\000m\000a\000\040\000D\000e\000s\000i\000g\000n\000\040\000P\000r\000i\000n\000c\000i\000p\000l\000e\000s}{section.6}% 20
\BOOKMARK [2][-]{subsection.6.2}{\376\377\000W\000E\000G\000\040\000L\000i\000f\000e\000c\000y\000c\000l\000e\000\040\000S\000c\000h\000e\000m\000a\000s\000\040\000\050\000T\000e\000c\000h\000n\000i\000c\000a\000l\000\040\000I\000m\000p\000l\000e\000m\000e\000n\000t\000a\000t\000i\000o\000n\000\051}{section.6}% 21
\BOOKMARK [2][-]{subsection.6.3}{\376\377\000H\000i\000e\000r\000a\000r\000c\000h\000i\000c\000a\000l\000\040\000C\000o\000m\000p\000o\000n\000e\000n\000t\000\040\000T\000r\000a\000c\000k\000i\000n\000g}{section.6}% 22
\BOOKMARK [1][-]{section.7}{\376\377\000S\000e\000c\000u\000r\000i\000t\000y\000\040\000\046\000\040\000C\000r\000y\000p\000t\000o\000g\000r\000a\000p\000h\000i\000c\000\040\000A\000r\000c\000h\000i\000t\000e\000c\000t\000u\000r\000e}{}% 23
\BOOKMARK [2][-]{subsection.7.1}{\376\377\000M\000u\000l\000t\000i\000-\000L\000a\000y\000e\000r\000\040\000S\000e\000c\000u\000r\000i\000t\000y\000\040\000M\000o\000d\000e\000l}{section.7}% 24
\BOOKMARK [2][-]{subsection.7.2}{\376\377\000P\000r\000i\000v\000a\000c\000y\000-\000P\000r\000e\000s\000e\000r\000v\000i\000n\000g\000\040\000T\000e\000c\000h\000n\000i\000q\000u\000e\000s}{section.7}% 25
\BOOKMARK [1][-]{section.8}{\376\377\000P\000e\000r\000f\000o\000r\000m\000a\000n\000c\000e\000\040\000\046\000\040\000S\000c\000a\000l\000a\000b\000i\000l\000i\000t\000y\000\040\000A\000n\000a\000l\000y\000s\000i\000s}{}% 26
\BOOKMARK [2][-]{subsection.8.1}{\376\377\000T\000r\000a\000n\000s\000a\000c\000t\000i\000o\000n\000\040\000T\000h\000r\000o\000u\000g\000h\000p\000u\000t}{section.8}% 27
\BOOKMARK [2][-]{subsection.8.2}{\376\377\000S\000t\000o\000r\000a\000g\000e\000\040\000O\000p\000t\000i\000m\000i\000z\000a\000t\000i\000o\000n}{section.8}% 28
\BOOKMARK [1][-]{section.9}{\376\377\000T\000e\000c\000h\000n\000i\000c\000a\000l\000\040\000I\000m\000p\000l\000e\000m\000e\000n\000t\000a\000t\000i\000o\000n\000\040\000R\000o\000a\000d\000m\000a\000p}{}% 29
\BOOKMARK [2][-]{subsection.9.1}{\376\377\000P\000h\000a\000s\000e\000\040\0001\000:\000\040\000C\000o\000r\000e\000\040\000I\000n\000f\000r\000a\000s\000t\000r\000u\000c\000t\000u\000r\000e\000\040\000\050\000Q\0003\000\040\0002\0000\0002\0005\000\051}{section.9}% 30
\BOOKMARK [2][-]{subsection.9.2}{\376\377\000P\000h\000a\000s\000e\000\040\0002\000:\000\040\000E\000n\000t\000e\000r\000p\000r\000i\000s\000e\000\040\000I\000n\000t\000e\000g\000r\000a\000t\000i\000o\000n\000\040\000\050\000Q\0004\000\040\0002\0000\0002\0005\000\040\000-\000\040\000Q\0001\000\040\0002\0000\0002\0006\000\051}{section.9}% 31
\BOOKMARK [2][-]{subsection.9.3}{\376\377\000P\000h\000a\000s\000e\000\040\0003\000:\000\040\000A\000d\000v\000a\000n\000c\000e\000d\000\040\000F\000e\000a\000t\000u\000r\000e\000s\000\040\000\050\000Q\0002\000-\000Q\0004\000\040\0002\0000\0002\0006\000\051}{section.9}% 32
\BOOKMARK [1][-]{section.10}{\376\377\000R\000i\000s\000k\000\040\000A\000s\000s\000e\000s\000s\000m\000e\000n\000t\000\040\000\046\000\040\000T\000e\000c\000h\000n\000i\000c\000a\000l\000\040\000M\000i\000t\000i\000g\000a\000t\000i\000o\000n}{}% 33
\BOOKMARK [2][-]{subsection.10.1}{\376\377\000T\000e\000c\000h\000n\000i\000c\000a\000l\000\040\000R\000i\000s\000k\000\040\000A\000n\000a\000l\000y\000s\000i\000s}{section.10}% 34
\BOOKMARK [1][-]{section.11}{\376\377\000C\000o\000n\000c\000l\000u\000s\000i\000o\000n\000\040\000\046\000\040\000T\000e\000c\000h\000n\000i\000c\000a\000l\000\040\000I\000n\000n\000o\000v\000a\000t\000i\000o\000n}{}% 35
\BOOKMARK [2][-]{subsection.11.1}{\376\377\000T\000e\000c\000h\000n\000i\000c\000a\000l\000\040\000A\000c\000h\000i\000e\000v\000e\000m\000e\000n\000t\000s}{section.11}% 36
\BOOKMARK [2][-]{subsection.11.2}{\376\377\000T\000e\000c\000h\000n\000i\000c\000a\000l\000\040\000F\000e\000a\000s\000i\000b\000i\000l\000i\000t\000y\000\040\000V\000a\000l\000i\000d\000a\000t\000i\000o\000n}{section.11}% 37
